Using pre-set license
Built from '2020.3/staging' branch; Version is '2020.3.5f1 (8095aa901b9b) revision 8426922'; Using compiler version '192528614'; Build Type 'Release'
OS: 'Windows 10 Pro; OS build 19043.1645; Version 2009; 64bit' Language: 'en' Physical Memory: 16310 MB
BatchMode: 1, IsHumanControllingUs: 0, StartBugReporterOnCrash: 0, Is64bit: 1, IsPro: 0

 COMMAND LINE ARGUMENTS:
C:\Program Files\Unity\Hub\Editor\2020.3.5f1\Editor\Unity.exe
-adb2
-batchMode
-noUpm
-name
AssetImportWorker0
-projectPath
F:/Junior Programmer Pathway/Programming-Theory-Repo/Programming Theory Project
-logFile
Logs/AssetImportWorker0.log
-srvPort
60783
Successfully changed project path to: F:/Junior Programmer Pathway/Programming-Theory-Repo/Programming Theory Project
F:/Junior Programmer Pathway/Programming-Theory-Repo/Programming Theory Project
Using Asset Import Pipeline V2.
Unable to join player connection multicast group.

Unable to join player connection alternative multicast group.

Refreshing native plugins compatible for Editor in 20.48 ms, found 0 plugins.
Preloading 0 native plugins for Editor in 0.00 ms.
Initialize engine version: 2020.3.5f1 (8095aa901b9b)
[Subsystems] Discovering subsystems at path C:/Program Files/Unity/Hub/Editor/2020.3.5f1/Editor/Data/Resources/UnitySubsystems
[Subsystems] Discovering subsystems at path F:/Junior Programmer Pathway/Programming-Theory-Repo/Programming Theory Project/Assets
GfxDevice: creating device client; threaded=0
Direct3D:
    Version:  Direct3D 11.0 [level 11.1]
    Renderer: NVIDIA GeForce GT 1030 (ID=0x1d01)
    Vendor:   
    VRAM:     1982 MB
    Driver:   30.0.14.9649
Initialize mono
Mono path[0] = 'C:/Program Files/Unity/Hub/Editor/2020.3.5f1/Editor/Data/Managed'
Mono path[1] = 'C:/Program Files/Unity/Hub/Editor/2020.3.5f1/Editor/Data/MonoBleedingEdge/lib/mono/unityjit'
Mono config path = 'C:/Program Files/Unity/Hub/Editor/2020.3.5f1/Editor/Data/MonoBleedingEdge/etc'
Using monoOptions --debugger-agent=transport=dt_socket,embedding=1,server=y,suspend=n,address=127.0.0.1:56624
Begin MonoManager ReloadAssembly
Registering precompiled unity dll's ...
Register platform support module: C:/Program Files/Unity/Hub/Editor/2020.3.5f1/Editor/Data/PlaybackEngines/WebGLSupport/UnityEditor.WebGL.Extensions.dll
Register platform support module: C:/Program Files/Unity/Hub/Editor/2020.3.5f1/Editor/Data/PlaybackEngines/WindowsStandaloneSupport/UnityEditor.WindowsStandalone.Extensions.dll
Registered in 0.002171 seconds.
Native extension for WindowsStandalone target not found
Native extension for WebGL target not found
Refreshing native plugins compatible for Editor in 20.73 ms, found 0 plugins.
Preloading 0 native plugins for Editor in 0.00 ms.
Mono: successfully reloaded assembly
- Completed reload, in  0.956 seconds
Platform modules already initialized, skipping
Registering precompiled user dll's ...
Registered in 0.000466 seconds.
Begin MonoManager ReloadAssembly
Native extension for WindowsStandalone target not found
Native extension for WebGL target not found
Refreshing native plugins compatible for Editor in 0.24 ms, found 0 plugins.
Preloading 0 native plugins for Editor in 0.00 ms.
Mono: successfully reloaded assembly
- Completed reload, in  0.695 seconds
Platform modules already initialized, skipping
========================================================================
Worker process is ready to serve import requests
Launched and connected shader compiler UnityShaderCompiler.exe after 0.05 seconds
Refreshing native plugins compatible for Editor in 0.23 ms, found 0 plugins.
Preloading 0 native plugins for Editor in 0.00 ms.
Unloading 1128 Unused Serialized files (Serialized files now loaded: 0)
System memory in use before: 59.7 MB.
System memory in use after: 59.8 MB.

Unloading 10 unused Assets to reduce memory usage. Loaded Objects now: 1571.
Total: 2.022000 ms (FindLiveObjects: 0.208100 ms CreateObjectMapping: 0.029600 ms MarkObjects: 1.691700 ms  DeleteObjects: 0.091200 ms)

========================================================================
Received Import Request.
  path: Assets/Scenes/SampleScene.unity
  artifactKey: Guid(9fc0d4010bbf28b4594072e72b8655ab) Importer(815301076,1909f56bfc062723c751e8b465ee728b)
Start importing Assets/Scenes/SampleScene.unity using Guid(9fc0d4010bbf28b4594072e72b8655ab) Importer(815301076,1909f56bfc062723c751e8b465ee728b)  -> (artifact id: 'e9fb47e0e4becaaf8d9be24c875c365f') in 0.015906 seconds
  Import took 0.017943 seconds .

========================================================================
Received Import Request.
  Time since last request: 29.168505 seconds.
  path: Assets/Scenes/Entry Scene.unity
  artifactKey: Guid(9fc0d4010bbf28b4594072e72b8655ab) Importer(815301076,1909f56bfc062723c751e8b465ee728b)
Start importing Assets/Scenes/Entry Scene.unity using Guid(9fc0d4010bbf28b4594072e72b8655ab) Importer(815301076,1909f56bfc062723c751e8b465ee728b)  -> (artifact id: 'ca513ee72720f40c6929ae78e4d24d98') in 0.008223 seconds
  Import took 0.010452 seconds .

========================================================================
Received Import Request.
  Time since last request: 14.955628 seconds.
  path: Assets/Scenes
  artifactKey: Guid(752a1766d6a0ede4db29d642c59e90d7) Importer(815301076,1909f56bfc062723c751e8b465ee728b)
Start importing Assets/Scenes using Guid(752a1766d6a0ede4db29d642c59e90d7) Importer(815301076,1909f56bfc062723c751e8b465ee728b)  -> (artifact id: 'bd3fc6014374d093f2ac59f49a9da511') in 0.005945 seconds
  Import took 0.007962 seconds .

========================================================================
Received Import Request.
  Time since last request: 39.947989 seconds.
  path: Assets/Scenes/Main Scene.unity
  artifactKey: Guid(393c84b5f2cc9e64a9a429461408d596) Importer(815301076,1909f56bfc062723c751e8b465ee728b)
Start importing Assets/Scenes/Main Scene.unity using Guid(393c84b5f2cc9e64a9a429461408d596) Importer(815301076,1909f56bfc062723c751e8b465ee728b)  -> (artifact id: '0a8444587c289911333e956c28e2ed15') in 0.006804 seconds
  Import took 0.008834 seconds .

========================================================================
Received Import Request.
  Time since last request: 159.433140 seconds.
  path: Assets/Scripts
  artifactKey: Guid(7b1d126b7111f884483e0d8b74d68a1b) Importer(815301076,1909f56bfc062723c751e8b465ee728b)
Start importing Assets/Scripts using Guid(7b1d126b7111f884483e0d8b74d68a1b) Importer(815301076,1909f56bfc062723c751e8b465ee728b)  -> (artifact id: '06f42b146dd3169b933584cebc7f9efd') in 0.005922 seconds
  Import took 0.007938 seconds .

========================================================================
Received Import Request.
  Time since last request: 22.815728 seconds.
  path: Assets/Scripts/Login.cs
  artifactKey: Guid(86fea43b489902d49bfd864f4fa20b68) Importer(815301076,1909f56bfc062723c751e8b465ee728b)
Start importing Assets/Scripts/Login.cs using Guid(86fea43b489902d49bfd864f4fa20b68) Importer(815301076,1909f56bfc062723c751e8b465ee728b)  -> (artifact id: 'c75e832ca04f156753c7120e40534a78') in 0.104865 seconds
  Import took 0.106873 seconds .

========================================================================
Received Prepare
Registering precompiled user dll's ...
Registered in 0.000481 seconds.
Begin MonoManager ReloadAssembly
Native extension for WindowsStandalone target not found
Native extension for WebGL target not found
Refreshing native plugins compatible for Editor in 0.24 ms, found 0 plugins.
Preloading 0 native plugins for Editor in 0.00 ms.
Mono: successfully reloaded assembly
- Completed reload, in  0.668 seconds
Platform modules already initialized, skipping
Refreshing native plugins compatible for Editor in 0.24 ms, found 0 plugins.
Preloading 0 native plugins for Editor in 0.00 ms.
Unloading 1111 Unused Serialized files (Serialized files now loaded: 0)
System memory in use before: 58.4 MB.
System memory in use after: 58.5 MB.

Unloading 5 unused Assets to reduce memory usage. Loaded Objects now: 1575.
Total: 1.915700 ms (FindLiveObjects: 0.179500 ms CreateObjectMapping: 0.031100 ms MarkObjects: 1.641500 ms  DeleteObjects: 0.062300 ms)

========================================================================
Received Prepare
Registering precompiled user dll's ...
Registered in 0.000504 seconds.
Begin MonoManager ReloadAssembly
Native extension for WindowsStandalone target not found
Native extension for WebGL target not found
Refreshing native plugins compatible for Editor in 0.32 ms, found 0 plugins.
Preloading 0 native plugins for Editor in 0.00 ms.
Mono: successfully reloaded assembly
- Completed reload, in  0.665 seconds
Platform modules already initialized, skipping
Refreshing native plugins compatible for Editor in 0.24 ms, found 0 plugins.
Preloading 0 native plugins for Editor in 0.00 ms.
Unloading 1111 Unused Serialized files (Serialized files now loaded: 0)
System memory in use before: 58.4 MB.
System memory in use after: 58.5 MB.

Unloading 5 unused Assets to reduce memory usage. Loaded Objects now: 1578.
Total: 1.863800 ms (FindLiveObjects: 0.171800 ms CreateObjectMapping: 0.027400 ms MarkObjects: 1.592500 ms  DeleteObjects: 0.070200 ms)

========================================================================
Received Prepare
Registering precompiled user dll's ...
Registered in 0.000553 seconds.
Begin MonoManager ReloadAssembly
Native extension for WindowsStandalone target not found
Native extension for WebGL target not found
Refreshing native plugins compatible for Editor in 0.25 ms, found 0 plugins.
Preloading 0 native plugins for Editor in 0.00 ms.
Mono: successfully reloaded assembly
- Completed reload, in  0.669 seconds
Platform modules already initialized, skipping
Refreshing native plugins compatible for Editor in 0.25 ms, found 0 plugins.
Preloading 0 native plugins for Editor in 0.00 ms.
Unloading 1111 Unused Serialized files (Serialized files now loaded: 0)
System memory in use before: 58.5 MB.
System memory in use after: 58.5 MB.

Unloading 5 unused Assets to reduce memory usage. Loaded Objects now: 1581.
Total: 2.022800 ms (FindLiveObjects: 0.168800 ms CreateObjectMapping: 0.028900 ms MarkObjects: 1.766900 ms  DeleteObjects: 0.056500 ms)

========================================================================
Received Prepare
Registering precompiled user dll's ...
Registered in 0.000524 seconds.
Begin MonoManager ReloadAssembly
Native extension for WindowsStandalone target not found
Native extension for WebGL target not found
Refreshing native plugins compatible for Editor in 0.26 ms, found 0 plugins.
Preloading 0 native plugins for Editor in 0.00 ms.
Mono: successfully reloaded assembly
- Completed reload, in  0.668 seconds
Platform modules already initialized, skipping
Refreshing native plugins compatible for Editor in 0.27 ms, found 0 plugins.
Preloading 0 native plugins for Editor in 0.00 ms.
Unloading 1111 Unused Serialized files (Serialized files now loaded: 0)
System memory in use before: 58.5 MB.
System memory in use after: 58.6 MB.

Unloading 5 unused Assets to reduce memory usage. Loaded Objects now: 1584.
Total: 1.643800 ms (FindLiveObjects: 0.174800 ms CreateObjectMapping: 0.028000 ms MarkObjects: 1.383000 ms  DeleteObjects: 0.057000 ms)

========================================================================
Received Prepare
Registering precompiled user dll's ...
Registered in 0.000549 seconds.
Begin MonoManager ReloadAssembly
Native extension for WindowsStandalone target not found
Native extension for WebGL target not found
Refreshing native plugins compatible for Editor in 0.36 ms, found 0 plugins.
Preloading 0 native plugins for Editor in 0.00 ms.
Mono: successfully reloaded assembly
- Completed reload, in  0.656 seconds
Platform modules already initialized, skipping
Refreshing native plugins compatible for Editor in 0.24 ms, found 0 plugins.
Preloading 0 native plugins for Editor in 0.00 ms.
Unloading 1111 Unused Serialized files (Serialized files now loaded: 0)
System memory in use before: 58.5 MB.
System memory in use after: 58.6 MB.

Unloading 5 unused Assets to reduce memory usage. Loaded Objects now: 1587.
Total: 1.859100 ms (FindLiveObjects: 0.169000 ms CreateObjectMapping: 0.026900 ms MarkObjects: 1.593800 ms  DeleteObjects: 0.067500 ms)

========================================================================
Received Prepare
Registering precompiled user dll's ...
Registered in 0.000613 seconds.
Begin MonoManager ReloadAssembly
Native extension for WindowsStandalone target not found
Native extension for WebGL target not found
Refreshing native plugins compatible for Editor in 0.25 ms, found 0 plugins.
Preloading 0 native plugins for Editor in 0.00 ms.
Mono: successfully reloaded assembly
- Completed reload, in  0.679 seconds
Platform modules already initialized, skipping
Refreshing native plugins compatible for Editor in 0.25 ms, found 0 plugins.
Preloading 0 native plugins for Editor in 0.00 ms.
Unloading 1111 Unused Serialized files (Serialized files now loaded: 0)
System memory in use before: 58.5 MB.
System memory in use after: 58.6 MB.

Unloading 5 unused Assets to reduce memory usage. Loaded Objects now: 1590.
Total: 1.709500 ms (FindLiveObjects: 0.181800 ms CreateObjectMapping: 0.029100 ms MarkObjects: 1.434400 ms  DeleteObjects: 0.062700 ms)

========================================================================
Received Prepare
Registering precompiled user dll's ...
Registered in 0.000488 seconds.
Begin MonoManager ReloadAssembly
Native extension for WindowsStandalone target not found
Native extension for WebGL target not found
Refreshing native plugins compatible for Editor in 0.26 ms, found 0 plugins.
Preloading 0 native plugins for Editor in 0.00 ms.
Mono: successfully reloaded assembly
- Completed reload, in  0.669 seconds
Platform modules already initialized, skipping
Refreshing native plugins compatible for Editor in 0.26 ms, found 0 plugins.
Preloading 0 native plugins for Editor in 0.00 ms.
Unloading 1111 Unused Serialized files (Serialized files now loaded: 0)
System memory in use before: 58.5 MB.
System memory in use after: 58.6 MB.

Unloading 5 unused Assets to reduce memory usage. Loaded Objects now: 1593.
Total: 2.144500 ms (FindLiveObjects: 0.211500 ms CreateObjectMapping: 0.031800 ms MarkObjects: 1.838100 ms  DeleteObjects: 0.061000 ms)

========================================================================
Received Prepare
Registering precompiled user dll's ...
Registered in 0.000503 seconds.
Begin MonoManager ReloadAssembly
Native extension for WindowsStandalone target not found
Native extension for WebGL target not found
Refreshing native plugins compatible for Editor in 0.24 ms, found 0 plugins.
Preloading 0 native plugins for Editor in 0.00 ms.
Mono: successfully reloaded assembly
- Completed reload, in  0.666 seconds
Platform modules already initialized, skipping
Refreshing native plugins compatible for Editor in 0.25 ms, found 0 plugins.
Preloading 0 native plugins for Editor in 0.00 ms.
Unloading 1111 Unused Serialized files (Serialized files now loaded: 0)
System memory in use before: 58.5 MB.
System memory in use after: 58.6 MB.

Unloading 5 unused Assets to reduce memory usage. Loaded Objects now: 1596.
Total: 1.696600 ms (FindLiveObjects: 0.202700 ms CreateObjectMapping: 0.033500 ms MarkObjects: 1.391500 ms  DeleteObjects: 0.067100 ms)

========================================================================
Received Prepare
Registering precompiled user dll's ...
Registered in 0.000549 seconds.
Begin MonoManager ReloadAssembly
Native extension for WindowsStandalone target not found
Native extension for WebGL target not found
Refreshing native plugins compatible for Editor in 0.24 ms, found 0 plugins.
Preloading 0 native plugins for Editor in 0.00 ms.
Mono: successfully reloaded assembly
- Completed reload, in  0.677 seconds
Platform modules already initialized, skipping
Refreshing native plugins compatible for Editor in 0.24 ms, found 0 plugins.
Preloading 0 native plugins for Editor in 0.00 ms.
Unloading 1111 Unused Serialized files (Serialized files now loaded: 0)
System memory in use before: 58.5 MB.
System memory in use after: 58.6 MB.

Unloading 5 unused Assets to reduce memory usage. Loaded Objects now: 1599.
Total: 1.698700 ms (FindLiveObjects: 0.176100 ms CreateObjectMapping: 0.030900 ms MarkObjects: 1.425800 ms  DeleteObjects: 0.064600 ms)

========================================================================
Received Prepare
Registering precompiled user dll's ...
Registered in 0.000450 seconds.
Begin MonoManager ReloadAssembly
Native extension for WindowsStandalone target not found
Native extension for WebGL target not found
Refreshing native plugins compatible for Editor in 0.25 ms, found 0 plugins.
Preloading 0 native plugins for Editor in 0.00 ms.
Mono: successfully reloaded assembly
- Completed reload, in  0.649 seconds
Platform modules already initialized, skipping
Refreshing native plugins compatible for Editor in 0.24 ms, found 0 plugins.
Preloading 0 native plugins for Editor in 0.00 ms.
Unloading 1111 Unused Serialized files (Serialized files now loaded: 0)
System memory in use before: 58.5 MB.
System memory in use after: 58.6 MB.

Unloading 5 unused Assets to reduce memory usage. Loaded Objects now: 1602.
Total: 1.636100 ms (FindLiveObjects: 0.185300 ms CreateObjectMapping: 0.031800 ms MarkObjects: 1.360300 ms  DeleteObjects: 0.057600 ms)

========================================================================
Received Import Request.
  Time since last request: 5010.842574 seconds.
  path: Assets/Scripts/Box.cs
  artifactKey: Guid(f7b0c9207b06fdd4ea4a9e3306f16f19) Importer(815301076,1909f56bfc062723c751e8b465ee728b)
Start importing Assets/Scripts/Box.cs using Guid(f7b0c9207b06fdd4ea4a9e3306f16f19) Importer(815301076,1909f56bfc062723c751e8b465ee728b)  -> (artifact id: 'da83355df1b9280fa876b8f99799b686') in 0.008696 seconds
  Import took 0.010990 seconds .

========================================================================
Received Prepare
Registering precompiled user dll's ...
Registered in 0.000549 seconds.
Begin MonoManager ReloadAssembly
Native extension for WindowsStandalone target not found
Native extension for WebGL target not found
Refreshing native plugins compatible for Editor in 0.31 ms, found 0 plugins.
Preloading 0 native plugins for Editor in 0.00 ms.
Mono: successfully reloaded assembly
- Completed reload, in  0.720 seconds
Platform modules already initialized, skipping
Refreshing native plugins compatible for Editor in 0.31 ms, found 0 plugins.
Preloading 0 native plugins for Editor in 0.00 ms.
Unloading 1112 Unused Serialized files (Serialized files now loaded: 0)
System memory in use before: 58.6 MB.
System memory in use after: 58.6 MB.

Unloading 5 unused Assets to reduce memory usage. Loaded Objects now: 1606.
Total: 1.934800 ms (FindLiveObjects: 0.204200 ms CreateObjectMapping: 0.029200 ms MarkObjects: 1.609800 ms  DeleteObjects: 0.088500 ms)

========================================================================
Received Import Request.
  Time since last request: 4.935762 seconds.
  path: Assets/Scripts/Login.cs
  artifactKey: Guid(86fea43b489902d49bfd864f4fa20b68) Importer(815301076,1909f56bfc062723c751e8b465ee728b)
Start importing Assets/Scripts/Login.cs using Guid(86fea43b489902d49bfd864f4fa20b68) Importer(815301076,1909f56bfc062723c751e8b465ee728b)  -> (artifact id: '3c48102bdd3fa04a98b7afc60469b87e') in 0.004862 seconds
  Import took 0.006920 seconds .

========================================================================
Received Import Request.
  Time since last request: 0.001474 seconds.
  path: Assets/Scripts/Login.cs
  artifactKey: Guid(86fea43b489902d49bfd864f4fa20b68) Importer(815301076,1909f56bfc062723c751e8b465ee728b)
Start importing Assets/Scripts/Login.cs using Guid(86fea43b489902d49bfd864f4fa20b68) Importer(815301076,1909f56bfc062723c751e8b465ee728b)  -> (artifact id: '3c48102bdd3fa04a98b7afc60469b87e') in 0.001900 seconds
  Import took 0.004012 seconds .

========================================================================
Received Import Request.
  Time since last request: 1044.032226 seconds.
  path: Assets/Scripts/Box.cs
  artifactKey: Guid(f7b0c9207b06fdd4ea4a9e3306f16f19) Importer(815301076,1909f56bfc062723c751e8b465ee728b)
Start importing Assets/Scripts/Box.cs using Guid(f7b0c9207b06fdd4ea4a9e3306f16f19) Importer(815301076,1909f56bfc062723c751e8b465ee728b)  -> (artifact id: '22d635c3a2cd08d4d10d43a937c8ca77') in 0.002341 seconds
  Import took 0.004615 seconds .

========================================================================
Received Prepare
Registering precompiled user dll's ...
Registered in 0.000540 seconds.
Begin MonoManager ReloadAssembly
Native extension for WindowsStandalone target not found
Native extension for WebGL target not found
Refreshing native plugins compatible for Editor in 0.24 ms, found 0 plugins.
Preloading 0 native plugins for Editor in 0.00 ms.
Mono: successfully reloaded assembly
- Completed reload, in  0.673 seconds
Platform modules already initialized, skipping
Refreshing native plugins compatible for Editor in 0.24 ms, found 0 plugins.
Preloading 0 native plugins for Editor in 0.00 ms.
Unloading 1112 Unused Serialized files (Serialized files now loaded: 0)
System memory in use before: 58.6 MB.
System memory in use after: 58.6 MB.

Unloading 5 unused Assets to reduce memory usage. Loaded Objects now: 1609.
Total: 1.740200 ms (FindLiveObjects: 0.251100 ms CreateObjectMapping: 0.057300 ms MarkObjects: 1.368600 ms  DeleteObjects: 0.061400 ms)

========================================================================
Received Import Request.
  Time since last request: 590.540664 seconds.
  path: Assets/Scripts/BoxOne.cs
  artifactKey: Guid(6ff5ec882107cf94ab678feb66a62b6d) Importer(815301076,1909f56bfc062723c751e8b465ee728b)
Start importing Assets/Scripts/BoxOne.cs using Guid(6ff5ec882107cf94ab678feb66a62b6d) Importer(815301076,1909f56bfc062723c751e8b465ee728b)  -> (artifact id: 'bdaa0d4d35c5e6b271b821b9f00b2eb9') in 0.010172 seconds
  Import took 0.012308 seconds .

========================================================================
Received Import Request.
  Time since last request: 0.011114 seconds.
  path: Assets/Scripts/BoxOne.cs
  artifactKey: Guid(6ff5ec882107cf94ab678feb66a62b6d) Importer(815301076,1909f56bfc062723c751e8b465ee728b)
Start importing Assets/Scripts/BoxOne.cs using Guid(6ff5ec882107cf94ab678feb66a62b6d) Importer(815301076,1909f56bfc062723c751e8b465ee728b)  -> (artifact id: 'bdaa0d4d35c5e6b271b821b9f00b2eb9') in 0.004631 seconds
  Import took 0.006590 seconds .

========================================================================
Received Prepare
Registering precompiled user dll's ...
Registered in 0.000552 seconds.
Begin MonoManager ReloadAssembly
Native extension for WindowsStandalone target not found
Native extension for WebGL target not found
Refreshing native plugins compatible for Editor in 0.25 ms, found 0 plugins.
Preloading 0 native plugins for Editor in 0.00 ms.
Mono: successfully reloaded assembly
- Completed reload, in  0.735 seconds
Platform modules already initialized, skipping
Refreshing native plugins compatible for Editor in 0.25 ms, found 0 plugins.
Preloading 0 native plugins for Editor in 0.00 ms.
Unloading 1113 Unused Serialized files (Serialized files now loaded: 0)
System memory in use before: 58.6 MB.
System memory in use after: 58.7 MB.

Unloading 5 unused Assets to reduce memory usage. Loaded Objects now: 1613.
Total: 1.920200 ms (FindLiveObjects: 0.184800 ms CreateObjectMapping: 0.031600 ms MarkObjects: 1.640500 ms  DeleteObjects: 0.062100 ms)

========================================================================
Received Prepare
Registering precompiled user dll's ...
Registered in 0.000546 seconds.
Begin MonoManager ReloadAssembly
Native extension for WindowsStandalone target not found
Native extension for WebGL target not found
Refreshing native plugins compatible for Editor in 0.24 ms, found 0 plugins.
Preloading 0 native plugins for Editor in 0.00 ms.
Mono: successfully reloaded assembly
- Completed reload, in  0.674 seconds
Platform modules already initialized, skipping
Refreshing native plugins compatible for Editor in 0.25 ms, found 0 plugins.
Preloading 0 native plugins for Editor in 0.00 ms.
Unloading 1113 Unused Serialized files (Serialized files now loaded: 0)
System memory in use before: 58.6 MB.
System memory in use after: 58.7 MB.

Unloading 5 unused Assets to reduce memory usage. Loaded Objects now: 1616.
Total: 1.975700 ms (FindLiveObjects: 0.144200 ms CreateObjectMapping: 0.031200 ms MarkObjects: 1.734900 ms  DeleteObjects: 0.063900 ms)

AssetImportWorkerClient::OnTransportError - code=2 error=End of file
